[2016.03.08-17.09.03:206][  0]Log file open, 03/08/16 12:09:03
[2016.03.08-17.09.03:206][  0]LogInit:Display: Running engine for game: AdvBPGameplay
[2016.03.08-17.09.03:206][  0]LogPlatformFile: Not using cached read wrapper
[2016.03.08-17.09.03:206][  0]LogInit:Display: RandInit(1621227764) SRandInit(1621227765).
[2016.03.08-17.09.03:206][  0]LogTaskGraph: Started task graph with 4 named threads and 5 total threads.
[2016.03.08-17.09.03:206][  0]LogStats: Stats thread started at 0.042253
[2016.03.08-17.09.03:206][  0]LogInit: Version: 4.10.4-2872498+++depot+UE4-Releases+4.10
[2016.03.08-17.09.03:206][  0]LogInit: API Version: 2758231
[2016.03.08-17.09.03:206][  0]LogInit: Compiled (64-bit): Feb 18 2016 15:47:04
[2016.03.08-17.09.03:206][  0]LogInit: Compiled with Visual C++: 19.00.23026.00
[2016.03.08-17.09.03:206][  0]LogInit: Build Configuration: Development
[2016.03.08-17.09.03:206][  0]LogInit: Branch Name: ++depot+UE4-Releases+4.10
[2016.03.08-17.09.03:206][  0]LogInit: Command line:  
[2016.03.08-17.09.03:206][  0]LogInit: Base directory: D:/Program Files/Epic Games/4.10/Engine/Binaries/Win64/
[2016.03.08-17.09.03:206][  0]LogInit: Rocket: 1
[2016.03.08-17.09.03:210][  0]LogInit: Using libcurl 7.41.0
[2016.03.08-17.09.03:210][  0]LogInit:  - built for x86_64-pc-win32
[2016.03.08-17.09.03:210][  0]LogInit:  - supports SSL with WinSSL
[2016.03.08-17.09.03:210][  0]LogInit:  - other features:
[2016.03.08-17.09.03:210][  0]LogInit:      CURL_VERSION_SSL
[2016.03.08-17.09.03:210][  0]LogInit:      CURL_VERSION_IPV6
[2016.03.08-17.09.03:210][  0]LogInit:      CURL_VERSION_ASYNCHDNS
[2016.03.08-17.09.03:210][  0]LogInit:      CURL_VERSION_LARGEFILE
[2016.03.08-17.09.03:210][  0]LogInit:      CURL_VERSION_IDN
[2016.03.08-17.09.03:210][  0]LogInit:  CurlRequestOptions (configurable via config and command line):
[2016.03.08-17.09.03:210][  0]LogInit:  - bVerifyPeer = true  - Libcurl will verify peer certificate
[2016.03.08-17.09.03:210][  0]LogInit:  - bUseHttpProxy = false  - Libcurl will NOT use HTTP proxy
[2016.03.08-17.09.03:210][  0]LogInit:  - bDontReuseConnections = false  - Libcurl will reuse connections
[2016.03.08-17.09.03:210][  0]LogInit:  - CertBundlePath = nullptr  - Libcurl will use whatever was configured at build time.
[2016.03.08-17.09.03:215][  0]LogInit: Presizing for 0 objects not considered by GC, pre-allocating 0 bytes.
[2016.03.08-17.09.03:220][  0]LogInit: Object subsystem initialized
[2016.03.08-17.09.03:221][  0]LogInit: Selected Device Profile: [Windows]
[2016.03.08-17.09.03:221][  0]LogInit: Applying CVar settings loaded from the selected device profile: [Windows]
[2016.03.08-17.09.03:228][  0]LogInit: Computer: LANBOX-DANKP
[2016.03.08-17.09.03:228][  0]LogInit: User: DaNKP
[2016.03.08-17.09.03:228][  0]LogInit: CPU Page size=4096, Cores=2
[2016.03.08-17.09.03:228][  0]LogInit: High frequency timer resolution =3.507502 MHz
[2016.03.08-17.09.03:228][  0]LogMemory: Memory total: Physical=16.0GB (16GB approx)
[2016.03.08-17.09.03:228][  0]LogMemory: Platform Memory Stats for Windows
[2016.03.08-17.09.03:228][  0]LogMemory: Process Physical Memory: 55.64 MB used, 55.64 MB peak
[2016.03.08-17.09.03:228][  0]LogMemory: Process Virtual Memory: 57.44 MB used, 57.44 MB peak
[2016.03.08-17.09.03:228][  0]LogMemory: Physical Memory: 3767.71 MB used, 16335.47 MB total
[2016.03.08-17.09.03:228][  0]LogMemory: Virtual Memory: 382.73 MB used, 134217728.00 MB total
[2016.03.08-17.09.03:260][  0]LogTextLocalizationManager: No specific translations for ('en-US') exist, so ('en') translations will be used.
[2016.03.08-17.09.03:683][  0]LogD3D11RHI: Found D3D11 adapter 0: NVIDIA GeForce GTX 960 (Feature Level 11_0)
[2016.03.08-17.09.03:683][  0]LogD3D11RHI: Adapter has 1969MB of dedicated video memory, 0MB of dedicated system memory, and 8167MB of shared system memory, 3 output[s]
[2016.03.08-17.09.03:684][  0]LogD3D11RHI: Found D3D11 adapter 1: Microsoft Basic Render Driver (Feature Level 11_0)
[2016.03.08-17.09.03:684][  0]LogD3D11RHI: Adapter has 0MB of dedicated video memory, 0MB of dedicated system memory, and 8167MB of shared system memory, 0 output[s]
[2016.03.08-17.09.03:685][  0]LogD3D11RHI: Chosen D3D11 Adapter Id = 0
[2016.03.08-17.09.03:689][  0]LogD3D11RHI: !Direct3DDevice
[2016.03.08-17.09.03:689][  0]LogRHI: Texture pool is 1361 MB (70% of 1945 MB)
[2016.03.08-17.09.03:703][  0]LogD3D11RHI: Async texture creation enabled
[2016.03.08-17.09.04:120][  0]LogShaderCompilers: Guid format shader working directory is 6 characters bigger than the processId version (../../../../../../Documents/AdvBPGameplay/Intermediate/Shaders/WorkingDirectory/2356/).
[2016.03.08-17.09.04:121][  0]LogShaderCompilers: Cleaned the shader compiler working directory 'C:/Users/Da_NKP/AppData/Local/Temp/UnrealShaderWorkingDir/1624382E42A69A613C95EEBFC1F2C57D/'.
[2016.03.08-17.09.04:121][  0]LogShaderCompilers:Display: Using Local Shader Compiler.
[2016.03.08-17.09.04:751][  0]LogTemp:Display: Loaded TP AllDesktopTargetPlatform
[2016.03.08-17.09.04:755][  0]LogTemp:Display: Loaded TP WindowsClientTargetPlatform
[2016.03.08-17.09.04:759][  0]LogTemp:Display: Loaded TP WindowsNoEditorTargetPlatform
[2016.03.08-17.09.04:762][  0]LogTemp:Display: Loaded TP WindowsServerTargetPlatform
[2016.03.08-17.09.04:765][  0]LogTemp:Display: Loaded TP WindowsTargetPlatform
[2016.03.08-17.09.04:767][  0]LogTemp:Display: Loaded TP AndroidTargetPlatform
[2016.03.08-17.09.04:769][  0]LogTemp:Display: Loaded TP Android_ASTCTargetPlatform
[2016.03.08-17.09.04:771][  0]LogTemp:Display: Loaded TP Android_ATCTargetPlatform
[2016.03.08-17.09.04:773][  0]LogTemp:Display: Loaded TP Android_DXTTargetPlatform
[2016.03.08-17.09.04:776][  0]LogTemp:Display: Loaded TP Android_ETC1TargetPlatform
[2016.03.08-17.09.04:778][  0]LogTemp:Display: Loaded TP Android_ETC2TargetPlatform
[2016.03.08-17.09.04:783][  0]LogTemp:Display: Loaded TP Android_MultiTargetPlatform
[2016.03.08-17.09.04:783][  0]LogTemp:Display: Loaded TP Android_PVRTCTargetPlatform
[2016.03.08-17.09.04:783][  0]LogTemp:Display: Loaded TP HTML5TargetPlatform
[2016.03.08-17.09.04:799][  0]LogTemp:Display: Loaded TP IOSTargetPlatform
[2016.03.08-17.09.04:801][  0]LogTemp:Display: Loaded TP LinuxNoEditorTargetPlatform
[2016.03.08-17.09.04:803][  0]LogTemp:Display: Loaded TP LinuxServerTargetPlatform
[2016.03.08-17.09.04:807][  0]LogTemp:Display: Loaded TP LinuxTargetPlatform
[2016.03.08-17.09.04:807][  0]LogTargetPlatformManager:Display: Building Assets For Windows
[2016.03.08-17.09.04:856][  0]LogDerivedDataCache:Display: Max Cache Size: 512 MB
[2016.03.08-17.09.04:896][  0]LogDerivedDataCache: Loaded boot cache 0.04s 41MB C:/Users/Da_NKP/AppData/Local/UnrealEngine/4.10/DerivedDataCache/Boot.ddc.
[2016.03.08-17.09.04:896][  0]LogDerivedDataCache:Display: Loaded Boot cache: C:/Users/Da_NKP/AppData/Local/UnrealEngine/4.10/DerivedDataCache/Boot.ddc
[2016.03.08-17.09.04:896][  0]LogDerivedDataCache: FDerivedDataBackendGraph:  Pak pak cache file ../../../../../../Documents/AdvBPGameplay/DerivedDataCache/DDC.ddp not found, will not use a pak cache.
[2016.03.08-17.09.04:896][  0]LogDerivedDataCache: Unable to find inner node Pak for hierarchical cache Hierarchy.
[2016.03.08-17.09.04:896][  0]LogDerivedDataCache: FDerivedDataBackendGraph:  CompressedPak pak cache file ../../../../../../Documents/AdvBPGameplay/DerivedDataCache/Compressed.ddp not found, will not use a pak cache.
[2016.03.08-17.09.04:896][  0]LogDerivedDataCache: Unable to find inner node CompressedPak for hierarchical cache Hierarchy.
[2016.03.08-17.09.04:946][  0]LogDerivedDataCache:Display: Pak cache opened for reading ../../../Engine/DerivedDataCache/Compressed.ddp.
[2016.03.08-17.09.04:958][  0]LogDerivedDataCache: Using Local data cache path C:/Users/Da_NKP/AppData/Local/UnrealEngine/Common/DerivedDataCache: Writable
[2016.03.08-17.09.05:099][  0]LogInit: Selected Device Profile: [Windows]
[2016.03.08-17.09.05:100][  0]LogContentStreaming: Texture pool size is 0.000000MB
[2016.03.08-17.09.05:187][  0]LogMeshUtilities: No automatic mesh reduction module available
[2016.03.08-17.09.05:187][  0]LogMeshUtilities: No automatic mesh merging module available
[2016.03.08-17.09.05:370][  0]LogInit: WinSock: version 1.1 (2.2), MaxSocks=32767, MaxUdp=65467
[2016.03.08-17.09.05:929][  0]UdpMessaging: Initializing bridge on interface 0.0.0.0:0 to multicast group 230.0.0.1:6666.
[2016.03.08-17.09.06:017][  0]LogAssetRegistry: FAssetRegistry took 0.0109 seconds to start up
[2016.03.08-17.09.06:145][  0]SourceControl: Info Source control is disabled
[2016.03.08-17.09.06:146][  0]SourceControl: Info Source control is disabled
[2016.03.08-17.09.06:155][  0]SourceControl: Info Source control is disabled
[2016.03.08-17.09.06:162][  0]SourceControl: Info Source control is disabled
[2016.03.08-17.09.06:297][  0]LogObj: 28633 objects as part of root set at end of initial load.
[2016.03.08-17.09.06:297][  0]LogUObjectAllocator: 6099744 out of 0 bytes used by permanent object pool.
[2016.03.08-17.09.06:343][  0]LogEngine: Initializing Engine...
[2016.03.08-17.09.06:345][  0]LogHMD: Can't find Oculus library dev build: is proper Runtime installed? Version: 0.8.0.0
[2016.03.08-17.09.06:345][  0]LogHMD: SteamVR failed to initialize.  Err: 110
[2016.03.08-17.09.06:444][  0]LogAIModule: Creating AISystem for world NewWorld
[2016.03.08-17.09.06:454][  0]LogInit: XAudio2 using 'Panasonic-TV-4 (NVIDIA High Definition Audio)' : 2 channels at 48 kHz using 16 bits per sample (channel mask 0x3)
[2016.03.08-17.09.06:484][  0]LogInit: FAudioDevice initialized.
[2016.03.08-17.09.06:503][  0]LogDerivedDataCache: Saved boot cache 0.02s 41MB C:/Users/Da_NKP/AppData/Local/UnrealEngine/4.10/DerivedDataCache/Boot.ddc.
[2016.03.08-17.09.06:507][  0]LogInit: Texture streaming: Enabled
[2016.03.08-17.09.06:510][  0]LogAnalytics: Creating configured Analytics provider AnalyticsET
[2016.03.08-17.09.06:510][  0]LogAnalytics: [UEEditor.Rocket.Release] APIServer = http://et2.epicgames.com/ET2/. AppVersion = 4.10.4-2872498+++depot+UE4-Releases+4.10
[2016.03.08-17.09.06:510][  0]LogAnalytics: [UEEditor.Rocket.Release] SetUserId e049f8524f3b669b05eb5c9f969228a2|1dd88c8be95e4c1b8948bc530a86ccc7|5da4e9be-c20b-4055-8e56-7ba4abc02ba4
[2016.03.08-17.09.06:510][  0]LogAnalytics: [UEEditor.Rocket.Release] AnalyticsET::StartSession
[2016.03.08-17.09.06:517][  0]LogInit: Transaction tracking system initialized
[2016.03.08-17.09.06:533][  0]BlueprintLog: New page: Editor Load
[2016.03.08-17.09.06:583][  0]LocalizationService: Info Localization service is disabled
[2016.03.08-17.09.06:635][  0]LogConsoleResponse:Display: 
[2016.03.08-17.09.06:739][  0]LogCook:Display: Done creating registry. It took  0.00s.
[2016.03.08-17.09.06:776][  0]LogFileCache: Scanning file cache for directory 'D:/Documents/AdvBPGameplay/Content/' took 0.01s
[2016.03.08-17.09.06:776][  0]SourceControl: Info Source control is disabled
[2016.03.08-17.09.06:776][  0]Cmd: MAP LOAD FILE="../../../../../../Documents/AdvBPGameplay/Content/Maps/Maze_01.umap" TEMPLATE=0 SHOWPROGRESS=1 FEATURELEVEL=3
[2016.03.08-17.09.06:776][  0]LightingResults: New page: Lighting Build
[2016.03.08-17.09.06:778][  0]MapCheck: New page: Map Check
[2016.03.08-17.09.06:778][  0]LightingResults: New page: Lighting Build
[2016.03.08-17.09.06:794][  0]LogParticles: Destroying 0 GPU particle simulations for FXSystem 0x000002CCA2F47420
[2016.03.08-17.09.06:963][  0]LogLinker:Warning: CreateExport: Failed to load Parent for Function /Game/BP_GamePlay/BP_Pickup_Blue.BP_Pickup_Blue_C:UserConstructionScript; removing parent information, but keeping function
[2016.03.08-17.09.06:966][  0]LogLinker:Warning: CreateExport: Failed to load Parent for Function /Game/BP_GamePlay/BP_Pickup_Pink.BP_Pickup_Pink_C:UserConstructionScript; removing parent information, but keeping function
[2016.03.08-17.09.07:008][  0]LogLinker:Warning: Asset '../../../../../../Documents/AdvBPGameplay/Content/Props/SM_Lamp_Ceiling.uasset' has been saved with empty engine version. The asset will be loaded but may be incompatible.
[2016.03.08-17.09.07:012][  0]LogLinker:Warning: Asset '../../../../../../Documents/AdvBPGameplay/Content/Props/SM_MatPreviewMesh_02.uasset' has been saved with empty engine version. The asset will be loaded but may be incompatible.
[2016.03.08-17.09.07:276][  0]LogAIModule: Creating AISystem for world Maze_01
[2016.03.08-17.09.07:331][  0]LogEditorServer: Finished looking for orphan Actors (0.000 secs)
[2016.03.08-17.09.07:331][  0]Cmd: MAP CHECKDEP NOCLEARLOG
[2016.03.08-17.09.07:371][  0]MapCheck: Info Map check complete: 0 Error(s), 0 Warning(s), took 40.25ms to complete.
[2016.03.08-17.09.07:372][  0]LogFileHelpers: Loading map 'Maze_01' took 0.595
[2016.03.08-17.09.07:485][  0]LogCollectionManager: Loaded 0 collections in 0.001575 seconds
[2016.03.08-17.09.07:536][  0]LogFileCache: Scanning file cache for directory 'D:/Documents/AdvBPGameplay/Saved/Collections/' took 0.01s
[2016.03.08-17.09.07:536][  0]LogFileCache: Scanning file cache for directory 'D:/Documents/AdvBPGameplay/Content/Developers/DaNKP/Collections/' took 0.01s
[2016.03.08-17.09.07:536][  0]LogFileCache: Scanning file cache for directory 'D:/Documents/AdvBPGameplay/Content/Collections/' took 0.01s
[2016.03.08-17.09.07:536][  0]LogCollectionManager: Rebuilt the GUID cache for 0 collections in 0.000001 seconds
[2016.03.08-17.09.07:542][  0]LogContentBrowser: Native class hierarchy populated in 0.0059 seconds. Added 1893 classes and 338 folders.
[2016.03.08-17.09.07:546][  0]LogContentBrowser: Native class hierarchy updated for 'WidgetCarousel' in 0.0003 seconds. Added 0 classes and 0 folders.
[2016.03.08-17.09.07:576][  0]LogContentBrowser: Native class hierarchy updated for 'AddContentDialog' in 0.0003 seconds. Added 0 classes and 0 folders.
[2016.03.08-17.09.07:603][  0]LogContentBrowser: Native class hierarchy updated for 'SceneOutliner' in 0.0003 seconds. Added 1 classes and 2 folders.
[2016.03.08-17.09.07:645][  0]LogCrashTracker: Crashtracker disabled due to settings.
[2016.03.08-17.09.07:649][  0]LogUObjectGlobals:Warning: Failed to find object 'Class None.'
[2016.03.08-17.09.07:672][  0]LogLoad: Full Startup: 4.78 seconds (BP compile: 0.04 seconds)
[2016.03.08-17.09.07:682][  0]LogOcInput: Can't find Oculus library dev build: is proper Runtime installed? Version: 0.8.0.0
[2016.03.08-17.09.07:732][  0]LogContentStreaming: Texture pool size now 1000 MB
[2016.03.08-17.09.07:848][  0]LogRenderer: Reallocating scene render targets to support 1128x920 (Frame:2).
[2016.03.08-17.09.07:931][  1]Cmd: UpdateLandscapeEditorData -warnings
[2016.03.08-17.09.08:065][  2]LogAssetRegistry: Asset discovery search completed in 2.0591 seconds
[2016.03.08-17.09.08:065][  2]LogCollectionManager: Rebuilt the object cache for 0 collections in 0.000001 seconds (found 0 objects)
[2016.03.08-17.09.08:066][  2]LogCollectionManager: Fixed up redirectors for 0 collections in 0.000017 seconds (updated 0 objects)
[2016.03.08-17.09.41:477][600]LogLinker:Warning: Asset '../../../Engine/Content/ArtTools/RenderToTexture/Macros/RenderToTextureMacros.uasset' has been saved with empty engine version. The asset will be loaded but may be incompatible.
[2016.03.08-17.09.41:804][600]LogContentBrowser: Native class hierarchy updated for 'BlueprintGraph' in 0.0005 seconds. Added 107 classes and 0 folders.
[2016.03.08-17.10.12:299][811]BlueprintLog:Warning: Warning Blueprint MyHUD has been migrated and requires re-saving to avoid import errors
[2016.03.08-17.10.12:526][811]LogActor:Warning: GameNetworkManager /Engine/Transient.World_5:PersistentLevel.GameNetworkManager_0 has natively added scene component(s), but none of them were set as the actor's RootComponent - picking one arbitrarily
[2016.03.08-17.11.27:296][235]BlueprintLog: New page: Compile MyGame
[2016.03.08-17.11.27:395][235]BlueprintEditorCompileResults: Info [0144.50] Compile of MyGame successful! [in 99 ms]
[2016.03.08-17.13.50:854][301]BlueprintLog: New page: Compile MyGame
[2016.03.08-17.13.50:939][301]BlueprintEditorCompileResults: Info [0288.05] Compile of MyGame successful! [in 84 ms]
[2016.03.08-17.13.51:362][342]Cmd: OBJ SAVEPACKAGE PACKAGE="/Game/Blueprints/MyGame" FILE="../../../../../../Documents/AdvBPGameplay/Content/Blueprints/MyGame.uasset" SILENT=true
[2016.03.08-17.13.51:408][342]LogSavePackage: Save=36.944527ms
[2016.03.08-17.13.51:408][342]LogSavePackage: Moving '../../../../../../Documents/AdvBPGameplay/Saved/MyGameAE80403244995F860D7B31AD2AB6A33E.tmp' to '../../../../../../Documents/AdvBPGameplay/Content/Blueprints/MyGame.uasset'
[2016.03.08-17.13.51:410][342]LogSavePackage: Total save time: 47.055997ms
[2016.03.08-17.13.51:410][342]LogSavePackage:Display: Finished SavePackage ../../../../../../Documents/AdvBPGameplay/Content/Blueprints/MyGame.uasset
[2016.03.08-17.15.22:608][258]BlueprintLog: New page: Compile MyGame
[2016.03.08-17.15.22:692][258]BlueprintEditorCompileResults: Info [0379.80] Compile of MyGame successful! [in 83 ms]
[2016.03.08-17.15.23:095][297]Cmd: OBJ SAVEPACKAGE PACKAGE="/Game/Blueprints/MyGame" FILE="../../../../../../Documents/AdvBPGameplay/Content/Blueprints/MyGame.uasset" SILENT=true
[2016.03.08-17.15.23:130][297]LogSavePackage: Save=32.383732ms
[2016.03.08-17.15.23:130][297]LogSavePackage: Moving '../../../../../../Documents/AdvBPGameplay/Saved/MyGame85001A904F29D7A6B6647192A3CBC2CF.tmp' to '../../../../../../Documents/AdvBPGameplay/Content/Blueprints/MyGame.uasset'
[2016.03.08-17.15.23:131][297]LogSavePackage: Total save time: 35.903331ms
[2016.03.08-17.15.23:131][297]LogSavePackage:Display: Finished SavePackage ../../../../../../Documents/AdvBPGameplay/Content/Blueprints/MyGame.uasset
[2016.03.08-17.16.30:873][380]BlueprintLog: New page: Compile MyGame
[2016.03.08-17.16.30:957][380]BlueprintEditorCompileResults: Info [0448.07] Compile of MyGame successful! [in 83 ms]
[2016.03.08-17.16.31:146][393]Cmd: OBJ SAVEPACKAGE PACKAGE="/Game/Blueprints/MyGame" FILE="../../../../../../Documents/AdvBPGameplay/Content/Blueprints/MyGame.uasset" SILENT=true
[2016.03.08-17.16.31:188][393]LogSavePackage: Save=38.821930ms
[2016.03.08-17.16.31:188][393]LogSavePackage: Moving '../../../../../../Documents/AdvBPGameplay/Saved/MyGame435CEB874B1E4769890CB4A5E34248A3.tmp' to '../../../../../../Documents/AdvBPGameplay/Content/Blueprints/MyGame.uasset'
[2016.03.08-17.16.31:189][393]LogSavePackage: Total save time: 42.813946ms
[2016.03.08-17.16.31:189][393]LogSavePackage:Display: Finished SavePackage ../../../../../../Documents/AdvBPGameplay/Content/Blueprints/MyGame.uasset
[2016.03.08-17.18.15:353][887]BlueprintLog: New page: Compile MyGame
[2016.03.08-17.18.15:438][887]BlueprintEditorCompileResults: Info [0552.55] Compile of MyGame successful! [in 84 ms]
[2016.03.08-17.18.16:165][964]Cmd: OBJ SAVEPACKAGE PACKAGE="/Game/Blueprints/MyGame" FILE="../../../../../../Documents/AdvBPGameplay/Content/Blueprints/MyGame.uasset" SILENT=true
[2016.03.08-17.18.16:200][964]LogSavePackage: Save=32.874393ms
[2016.03.08-17.18.16:200][964]LogSavePackage: Moving '../../../../../../Documents/AdvBPGameplay/Saved/MyGame817F7DDA4658ADFE8191E6873D06DE32.tmp' to '../../../../../../Documents/AdvBPGameplay/Content/Blueprints/MyGame.uasset'
[2016.03.08-17.18.16:201][964]LogSavePackage: Total save time: 36.054149ms
[2016.03.08-17.18.16:201][964]LogSavePackage:Display: Finished SavePackage ../../../../../../Documents/AdvBPGameplay/Content/Blueprints/MyGame.uasset
[2016.03.08-17.21.11:919][ 39]LogSlate:Warning: Slate: Had to block on waiting for a draw buffer
[2016.03.08-17.21.43:960][784]LogFileHelpers: Editor autosave (incl. sublevels) for '/Game/Maps/Maze_01' took 0.042
[2016.03.08-17.21.43:964][784]OBJ SavePackage: Generating thumbnails for [0] asset(s) in package [/Game/BPI_Gameplay/BPI_GameMode] ([1] browsable assets)...
[2016.03.08-17.21.43:964][784]OBJ SavePackage: Finished generating thumbnails for package [/Game/BPI_Gameplay/BPI_GameMode]
[2016.03.08-17.21.43:964][784]Cmd: OBJ SAVEPACKAGE PACKAGE="/Game/BPI_Gameplay/BPI_GameMode" FILE="../../../../../../Documents/AdvBPGameplay/Saved/Autosaves/Game/BPI_Gameplay/BPI_GameMode_Auto1.uasset" SILENT=false AUTOSAVING=true
[2016.03.08-17.21.43:973][784]LogSavePackage: Save=5.831501ms
[2016.03.08-17.21.43:973][784]LogSavePackage: Moving '../../../../../../Documents/AdvBPGameplay/Saved/BPI_GameMode_Auto11CC3461542F216E20280939D6CC1206A.tmp' to '../../../../../../Documents/AdvBPGameplay/Saved/Autosaves/Game/BPI_Gameplay/BPI_GameMode_Auto1.uasset'
[2016.03.08-17.21.43:973][784]LogSavePackage: Total save time: 9.077970ms
[2016.03.08-17.21.43:973][784]LogSavePackage:Display: Finished SavePackage ../../../../../../Documents/AdvBPGameplay/Saved/Autosaves/Game/BPI_Gameplay/BPI_GameMode_Auto1.uasset
[2016.03.08-17.21.43:974][784]LogFileHelpers: Auto-saving content packages took 0.013
[2016.03.08-17.24.12:398][569]BlueprintLog: New page: Compile BPI_GameMode
[2016.03.08-17.24.12:500][569]LogParticles: Destroying 0 GPU particle simulations for FXSystem 0x000002CCFC8C07C0
[2016.03.08-17.24.12:500][569]BlueprintEditorCompileResults: Info [0909.61] Compile of BPI_GameMode successful! [in 102 ms]
[2016.03.08-17.24.13:322][658]Cmd: OBJ SAVEPACKAGE PACKAGE="/Game/BP_GamePlay/BP_Pickup_Base" FILE="../../../../../../Documents/AdvBPGameplay/Content/BP_GamePlay/BP_Pickup_Base.uasset" SILENT=true
[2016.03.08-17.24.13:376][658]LogSavePackage: Save=48.976166ms
[2016.03.08-17.24.13:376][658]LogSavePackage: Moving '../../../../../../Documents/AdvBPGameplay/Saved/BP_Pickup_Base7E4CE50841E10B76E0B3DF99292B3D05.tmp' to '../../../../../../Documents/AdvBPGameplay/Content/BP_GamePlay/BP_Pickup_Base.uasset'
[2016.03.08-17.24.13:380][658]LogSavePackage: Total save time: 56.890633ms
[2016.03.08-17.24.13:380][658]LogSavePackage:Display: Finished SavePackage ../../../../../../Documents/AdvBPGameplay/Content/BP_GamePlay/BP_Pickup_Base.uasset
[2016.03.08-17.24.13:389][658]Cmd: OBJ SAVEPACKAGE PACKAGE="/Game/BPI_Gameplay/BPI_GameMode" FILE="../../../../../../Documents/AdvBPGameplay/Content/BPI_Gameplay/BPI_GameMode.uasset" SILENT=true
[2016.03.08-17.24.13:400][658]LogSavePackage: Save=7.599710ms
[2016.03.08-17.24.13:400][658]LogSavePackage: Moving '../../../../../../Documents/AdvBPGameplay/Saved/BPI_GameMode6F3E69FE47E86F76A75D659EB0F799C9.tmp' to '../../../../../../Documents/AdvBPGameplay/Content/BPI_Gameplay/BPI_GameMode.uasset'
[2016.03.08-17.24.13:403][658]LogSavePackage: Total save time: 12.735561ms
[2016.03.08-17.24.13:403][658]LogSavePackage:Display: Finished SavePackage ../../../../../../Documents/AdvBPGameplay/Content/BPI_Gameplay/BPI_GameMode.uasset
[2016.03.08-17.24.13:410][658]Cmd: OBJ SAVEPACKAGE PACKAGE="/Game/Blueprints/MyGame" FILE="../../../../../../Documents/AdvBPGameplay/Content/Blueprints/MyGame.uasset" SILENT=true
[2016.03.08-17.24.13:451][658]LogSavePackage: Save=32.723572ms
[2016.03.08-17.24.13:451][658]LogSavePackage: Moving '../../../../../../Documents/AdvBPGameplay/Saved/MyGame2814F3744531C54BC9B467A4692F782D.tmp' to '../../../../../../Documents/AdvBPGameplay/Content/Blueprints/MyGame.uasset'
[2016.03.08-17.24.13:453][658]LogSavePackage: Total save time: 41.774742ms
[2016.03.08-17.24.13:453][658]LogSavePackage:Display: Finished SavePackage ../../../../../../Documents/AdvBPGameplay/Content/Blueprints/MyGame.uasset
[2016.03.08-17.26.21:177][156]BlueprintLog: New page: Compile BPI_GameMode
[2016.03.08-17.26.21:269][156]BlueprintEditorCompileResults: Info [1038.38] Compile of BPI_GameMode successful! [in 91 ms]
[2016.03.08-17.26.22:023][238]Cmd: OBJ SAVEPACKAGE PACKAGE="/Game/BP_GamePlay/BP_Pickup_Base" FILE="../../../../../../Documents/AdvBPGameplay/Content/BP_GamePlay/BP_Pickup_Base.uasset" SILENT=true
[2016.03.08-17.26.22:052][238]LogSavePackage: Save=26.715879ms
[2016.03.08-17.26.22:052][238]LogSavePackage: Moving '../../../../../../Documents/AdvBPGameplay/Saved/BP_Pickup_BaseB374320B4386CB8F107ED2967D5D97A3.tmp' to '../../../../../../Documents/AdvBPGameplay/Content/BP_GamePlay/BP_Pickup_Base.uasset'
[2016.03.08-17.26.22:054][238]LogSavePackage: Total save time: 30.141965ms
[2016.03.08-17.26.22:054][238]LogSavePackage:Display: Finished SavePackage ../../../../../../Documents/AdvBPGameplay/Content/BP_GamePlay/BP_Pickup_Base.uasset
[2016.03.08-17.26.22:061][238]Cmd: OBJ SAVEPACKAGE PACKAGE="/Game/BPI_Gameplay/BPI_GameMode" FILE="../../../../../../Documents/AdvBPGameplay/Content/BPI_Gameplay/BPI_GameMode.uasset" SILENT=true
[2016.03.08-17.26.22:075][238]LogSavePackage: Save=11.408404ms
[2016.03.08-17.26.22:075][238]LogSavePackage: Moving '../../../../../../Documents/AdvBPGameplay/Saved/BPI_GameMode432FE8BA4E3BC65C6CE50AB5143CA20A.tmp' to '../../../../../../Documents/AdvBPGameplay/Content/BPI_Gameplay/BPI_GameMode.uasset'
[2016.03.08-17.26.22:076][238]LogSavePackage: Total save time: 14.602415ms
[2016.03.08-17.26.22:076][238]LogSavePackage:Display: Finished SavePackage ../../../../../../Documents/AdvBPGameplay/Content/BPI_Gameplay/BPI_GameMode.uasset
[2016.03.08-17.26.22:082][238]Cmd: OBJ SAVEPACKAGE PACKAGE="/Game/Blueprints/MyGame" FILE="../../../../../../Documents/AdvBPGameplay/Content/Blueprints/MyGame.uasset" SILENT=true
[2016.03.08-17.26.22:118][238]LogSavePackage: Save=33.000122ms
[2016.03.08-17.26.22:118][238]LogSavePackage: Moving '../../../../../../Documents/AdvBPGameplay/Saved/MyGameF68B387F4DF59A694218DEA3F5AEF431.tmp' to '../../../../../../Documents/AdvBPGameplay/Content/Blueprints/MyGame.uasset'
[2016.03.08-17.26.22:119][238]LogSavePackage: Total save time: 36.240608ms
[2016.03.08-17.26.22:119][238]LogSavePackage:Display: Finished SavePackage ../../../../../../Documents/AdvBPGameplay/Content/Blueprints/MyGame.uasset
[2016.03.08-17.29.01:113][152]BlueprintLog: New page: Compile MyGame
[2016.03.08-17.29.01:220][152]BlueprintEditorCompileResults: Info [1198.33] Compile of MyGame successful! [in 106 ms]
[2016.03.08-17.29.02:226][263]Cmd: OBJ SAVEPACKAGE PACKAGE="/Game/Blueprints/MyGame" FILE="../../../../../../Documents/AdvBPGameplay/Content/Blueprints/MyGame.uasset" SILENT=true
[2016.03.08-17.29.02:266][263]LogSavePackage: Save=37.389572ms
[2016.03.08-17.29.02:266][263]LogSavePackage: Moving '../../../../../../Documents/AdvBPGameplay/Saved/MyGame92C07C904F76B682BECAA3A16B09A629.tmp' to '../../../../../../Documents/AdvBPGameplay/Content/Blueprints/MyGame.uasset'
[2016.03.08-17.29.02:267][263]LogSavePackage: Total save time: 40.902898ms
[2016.03.08-17.29.02:267][263]LogSavePackage:Display: Finished SavePackage ../../../../../../Documents/AdvBPGameplay/Content/Blueprints/MyGame.uasset
[2016.03.08-17.30.06:121][277]LogActorComponent: UnregisterComponent: (/Engine/Transient.EditorFloorComp) Not registered. Aborting.
[2016.03.08-17.30.06:166][277]LogActorComponent: UnregisterComponent: (/Engine/Transient.EditorFloorComp) Not registered. Aborting.
[2016.03.08-17.30.06:436][278]Cmd: QUIT_EDITOR
[2016.03.08-17.30.06:494][278]LogWindowsTextInputMethodSystem:Display: IME system now deactivated.
[2016.03.08-17.30.06:548][278]LogExit: Preparing to exit.
[2016.03.08-17.30.07:345][278]LogExit: Editor shut down
[2016.03.08-17.30.07:345][278]LogExit: Transaction tracking system shut down
[2016.03.08-17.30.07:347][278]LogParticles: Destroying 0 GPU particle simulations for FXSystem 0x000002CCA97DBB00
[2016.03.08-17.30.07:349][278]LogParticles: Destroying 0 GPU particle simulations for FXSystem 0x000002CCADC2F880
[2016.03.08-17.30.07:349][278]LogParticles: Destroying 0 GPU particle simulations for FXSystem 0x000002CCA99F2B60
[2016.03.08-17.30.07:349][278]LogParticles: Destroying 0 GPU particle simulations for FXSystem 0x000002CCC5CC8CC0
[2016.03.08-17.30.07:349][278]LogParticles: Destroying 0 GPU particle simulations for FXSystem 0x000002CCADFF0FE0
[2016.03.08-17.30.07:355][278]LogParticles: Destroying 0 GPU particle simulations for FXSystem 0x000002CCC8C17F60
[2016.03.08-17.30.07:357][278]LogParticles: Destroying 0 GPU particle simulations for FXSystem 0x000002CCAB16FE20
[2016.03.08-17.30.07:357][278]LogParticles: Destroying 0 GPU particle simulations for FXSystem 0x000002CCAB4DA3E0
[2016.03.08-17.30.07:526][278]LogExit: Object subsystem successfully closed.
[2016.03.08-17.30.07:541][278]LogD3D11RHI: Shutdown
[2016.03.08-17.30.07:541][278]LogD3D11RHI: CleanupD3DDevice
[2016.03.08-17.30.07:595][278]LogD3D11RHI: ~FD3D11DynamicRHI
[2016.03.08-17.30.07:605][278]LogModuleManager: Shutting down and abandoning module CookingStats (200)
[2016.03.08-17.30.07:605][278]LogModuleManager: Shutting down and abandoning module BlueprintGraph (199)
[2016.03.08-17.30.07:605][278]LogModuleManager: Shutting down and abandoning module CrashTracker (198)
[2016.03.08-17.30.07:605][278]LogModuleManager: Shutting down and abandoning module SceneOutliner (197)
[2016.03.08-17.30.07:605][278]LogModuleManager: Shutting down and abandoning module SuperSearch (196)
[2016.03.08-17.30.07:605][278]LogModuleManager: Shutting down and abandoning module WidgetCarousel (195)
[2016.03.08-17.30.07:605][278]LogModuleManager: Shutting down and abandoning module AddContentDialog (194)
[2016.03.08-17.30.07:606][278]LogModuleManager: Shutting down and abandoning module EditorWidgets (193)
[2016.03.08-17.30.07:606][278]LogModuleManager: Shutting down and abandoning module CollectionManager (192)
[2016.03.08-17.30.07:606][278]LogModuleManager: Shutting down and abandoning module StatsViewer (191)
[2016.03.08-17.30.07:606][278]LogModuleManager: Shutting down and abandoning module FoliageEdit (190)
[2016.03.08-17.30.07:606][278]LogModuleManager: Shutting down and abandoning module LandscapeEditor (189)
[2016.03.08-17.30.07:607][278]LogModuleManager: Shutting down and abandoning module ActorPickerMode (188)
[2016.03.08-17.30.07:607][278]LogModuleManager: Shutting down and abandoning module GeometryMode (187)
[2016.03.08-17.30.07:607][278]LogModuleManager: Shutting down and abandoning module TextureAlignMode (186)
[2016.03.08-17.30.07:607][278]LogModuleManager: Shutting down and abandoning module BspMode (185)
[2016.03.08-17.30.07:607][278]LogModuleManager: Shutting down and abandoning module PlacementMode (184)
[2016.03.08-17.30.07:607][278]LogModuleManager: Shutting down and abandoning module AutomationWorker (183)
[2016.03.08-17.30.07:607][278]LogModuleManager: Shutting down and abandoning module CharacterAI (182)
[2016.03.08-17.30.07:607][278]LogModuleManager: Shutting down and abandoning module SmartSnapping (181)
[2016.03.08-17.30.07:607][278]LogModuleManager: Shutting down and abandoning module ViewportSnapping (180)
[2016.03.08-17.30.07:607][278]LogModuleManager: Shutting down and abandoning module LogVisualizer (179)
[2016.03.08-17.30.07:607][278]LogModuleManager: Shutting down and abandoning module GameProjectGeneration (178)
[2016.03.08-17.30.07:607][278]LogModuleManager: Shutting down and abandoning module IntroTutorials (177)
[2016.03.08-17.30.07:607][278]LogModuleManager: Shutting down and abandoning module EditorLiveStreaming (176)
[2016.03.08-17.30.07:607][278]LogModuleManager: Shutting down and abandoning module IOSPlatformEditor (175)
[2016.03.08-17.30.07:607][278]LogModuleManager: Shutting down and abandoning module HTML5PlatformEditor (174)
[2016.03.08-17.30.07:607][278]LogModuleManager: Shutting down and abandoning module AndroidDeviceDetection (173)
[2016.03.08-17.30.08:099][278]LogModuleManager: Shutting down and abandoning module AndroidPlatformEditor (172)
[2016.03.08-17.30.08:099][278]LogModuleManager: Shutting down and abandoning module IOSRuntimeSettings (171)
[2016.03.08-17.30.08:099][278]LogModuleManager: Shutting down and abandoning module AndroidRuntimeSettings (170)
[2016.03.08-17.30.08:099][278]LogModuleManager: Shutting down and abandoning module MergeActors (169)
[2016.03.08-17.30.08:099][278]LogModuleManager: Shutting down and abandoning module SizeMap (168)
[2016.03.08-17.30.08:099][278]LogModuleManager: Shutting down and abandoning module TreeMap (167)
[2016.03.08-17.30.08:099][278]LogModuleManager: Shutting down and abandoning module ReferenceViewer (166)
[2016.03.08-17.30.08:099][278]LogModuleManager: Shutting down and abandoning module LocalizationService (165)
[2016.03.08-17.30.08:099][278]LogModuleManager: Shutting down and abandoning module LocalizationDashboard (164)
[2016.03.08-17.30.08:099][278]LogModuleManager: Shutting down and abandoning module HardwareTargeting (163)
[2016.03.08-17.30.08:099][278]LogModuleManager: Shutting down and abandoning module DeviceProfileEditor (162)
[2016.03.08-17.30.08:099][278]LogModuleManager: Shutting down and abandoning module UndoHistory (161)
[2016.03.08-17.30.08:099][278]LogModuleManager: Shutting down and abandoning module GameplayTagsEditor (160)
[2016.03.08-17.30.08:099][278]LogModuleManager: Shutting down and abandoning module UserFeedback (159)
[2016.03.08-17.30.08:099][278]LogModuleManager: Shutting down and abandoning module XmlParser (158)
[2016.03.08-17.30.08:099][278]LogModuleManager: Shutting down and abandoning module Blutility (157)
[2016.03.08-17.30.08:099][278]LogModuleManager: Shutting down and abandoning module ProjectTargetPlatformEditor (156)
[2016.03.08-17.30.08:099][278]LogModuleManager: Shutting down and abandoning module ProjectSettingsViewer (155)
[2016.03.08-17.30.08:099][278]LogModuleManager: Shutting down and abandoning module InputBindingEditor (154)
[2016.03.08-17.30.08:099][278]LogModuleManager: Shutting down and abandoning module EditorSettingsViewer (153)
[2016.03.08-17.30.08:099][278]LogModuleManager: Shutting down and abandoning module SettingsEditor (152)
[2016.03.08-17.30.08:099][278]LogModuleManager: Shutting down and abandoning module ProjectLauncher (151)
[2016.03.08-17.30.08:099][278]LogModuleManager: Shutting down and abandoning module SessionFrontend (150)
[2016.03.08-17.30.08:099][278]LogModuleManager: Shutting down and abandoning module ProfilerClient (149)
[2016.03.08-17.30.08:099][278]LogModuleManager: Shutting down and abandoning module TargetDeviceServices (148)
[2016.03.08-17.30.08:099][278]LogModuleManager: Shutting down and abandoning module DeviceManager (147)
[2016.03.08-17.30.08:099][278]LogModuleManager: Shutting down and abandoning module AutomationController (146)
[2016.03.08-17.30.08:100][278]LogModuleManager: Shutting down and abandoning module AutomationWindow (145)
[2016.03.08-17.30.08:100][278]LogModuleManager: Shutting down and abandoning module Layers (144)
[2016.03.08-17.30.08:100][278]LogModuleManager: Shutting down and abandoning module ComponentVisualizers (143)
[2016.03.08-17.30.08:100][278]LogModuleManager: Shutting down and abandoning module DetailCustomizations (142)
[2016.03.08-17.30.08:100][278]LogModuleManager: Shutting down and abandoning module PackagesDialog (141)
[2016.03.08-17.30.08:100][278]LogModuleManager: Shutting down and abandoning module Persona (140)
[2016.03.08-17.30.08:100][278]LogModuleManager: Shutting down and abandoning module Kismet (139)
[2016.03.08-17.30.08:100][278]LogModuleManager: Shutting down and abandoning module GraphEditor (138)
[2016.03.08-17.30.08:100][278]LogModuleManager: Shutting down and abandoning module ClassViewer (137)
[2016.03.08-17.30.08:101][278]LogModuleManager: Shutting down and abandoning module Toolbox (136)
[2016.03.08-17.30.08:101][278]LogModuleManager: Shutting down and abandoning module ModuleUI (135)
[2016.03.08-17.30.08:101][278]LogModuleManager: Shutting down and abandoning module MovieSceneTools (134)
[2016.03.08-17.30.08:101][278]LogModuleManager: Shutting down and abandoning module OutputLog (133)
[2016.03.08-17.30.08:101][278]LogModuleManager: Shutting down and abandoning module GammaUI (132)
[2016.03.08-17.30.08:101][278]LogModuleManager: Shutting down and abandoning module Documentation (131)
[2016.03.08-17.30.08:101][278]LogModuleManager: Shutting down and abandoning module GameLiveStreaming (130)
[2016.03.08-17.30.08:101][278]LogModuleManager: Shutting down and abandoning module StreamingPauseRendering (129)
[2016.03.08-17.30.08:101][278]LogModuleManager: Shutting down and abandoning module AnalyticsET (128)
[2016.03.08-17.30.08:101][278]LogModuleManager: Shutting down and abandoning module Analytics (127)
[2016.03.08-17.30.08:101][278]LogModuleManager: Shutting down and abandoning module AITestSuite (126)
[2016.03.08-17.30.08:101][278]LogModuleManager: Shutting down and abandoning module GameplayDebugger (125)
[2016.03.08-17.30.08:101][278]LogModuleManager: Shutting down and abandoning module AIModule (124)
[2016.03.08-17.30.08:101][278]LogModuleManager: Shutting down and abandoning module ProfilerService (123)
[2016.03.08-17.30.08:313][278]LogModuleManager: Shutting down and abandoning module TaskGraph (122)
[2016.03.08-17.30.08:313][278]LogModuleManager: Shutting down and abandoning module SlateRemote (121)
[2016.03.08-17.30.08:313][278]LogModuleManager: Shutting down and abandoning module SteamVRController (120)
[2016.03.08-17.30.08:313][278]LogModuleManager: Shutting down and abandoning module SteamVR (119)
[2016.03.08-17.30.08:313][278]LogModuleManager: Shutting down and abandoning module ProceduralMeshComponent (118)
[2016.03.08-17.30.08:313][278]LogModuleManager: Shutting down and abandoning module OculusLibrary (117)
[2016.03.08-17.30.08:313][278]LogModuleManager: Shutting down and abandoning module OculusInput (116)
[2016.03.08-17.30.08:313][278]LogModuleManager: Shutting down and abandoning module LeapMotionController (115)
[2016.03.08-17.30.08:325][278]LogModuleManager: Shutting down and abandoning module CustomMeshComponent (114)
[2016.03.08-17.30.08:325][278]LogModuleManager: Shutting down and abandoning module CableComponent (113)
[2016.03.08-17.30.08:325][278]LogModuleManager: Shutting down and abandoning module ArchVisCharacter (112)
[2016.03.08-17.30.08:325][278]LogModuleManager: Shutting down and abandoning module MessagingDebugger (111)
[2016.03.08-17.30.08:325][278]LogModuleManager: Shutting down and abandoning module MediaPlayerEditor (110)
[2016.03.08-17.30.08:325][278]LogModuleManager: Shutting down and abandoning module HTML5Networking (109)
[2016.03.08-17.30.08:325][278]LogModuleManager: Shutting down and abandoning module SpeedTreeImporter (108)
[2016.03.08-17.30.08:325][278]LogModuleManager: Shutting down and abandoning module PluginBrowser (107)
[2016.03.08-17.30.08:325][278]LogModuleManager: Shutting down and abandoning module EpicSurvey (106)
[2016.03.08-17.30.08:325][278]LogModuleManager: Shutting down and abandoning module DesktopPlatform (105)
[2016.03.08-17.30.08:325][278]LogModuleManager: Shutting down and abandoning module VisualStudioSourceCodeAccess (104)
[2016.03.08-17.30.08:325][278]LogModuleManager: Shutting down and abandoning module UObjectPlugin (103)
[2016.03.08-17.30.08:325][278]LogModuleManager: Shutting down and abandoning module SubversionSourceControl (102)
[2016.03.08-17.30.08:325][278]LogModuleManager: Shutting down and abandoning module PerforceSourceControl (101)
[2016.03.08-17.30.08:325][278]LogModuleManager: Shutting down and abandoning module SourceControl (100)
[2016.03.08-17.30.08:325][278]LogModuleManager: Shutting down and abandoning module GitSourceControl (99)
[2016.03.08-17.30.08:325][278]LogModuleManager: Shutting down and abandoning module LightPropagationVolumeEditor (98)
[2016.03.08-17.30.08:325][278]LogModuleManager: Shutting down and abandoning module PaperTiledImporter (97)
[2016.03.08-17.30.08:325][278]LogModuleManager: Shutting down and abandoning module PaperSpriteSheetImporter (96)
[2016.03.08-17.30.08:325][278]LogModuleManager: Shutting down and abandoning module MeshPaint (95)
[2016.03.08-17.30.08:325][278]LogModuleManager: Shutting down and abandoning module SlateReflector (94)
[2016.03.08-17.30.08:325][278]LogModuleManager: Shutting down and abandoning module HotReload (93)
[2016.03.08-17.30.08:325][278]LogModuleManager: Shutting down and abandoning module MainFrame (92)
[2016.03.08-17.30.08:325][278]LogModuleManager: Shutting down and abandoning module LevelEditor (91)
[2016.03.08-17.30.08:326][278]LogModuleManager: Shutting down and abandoning module DirectoryWatcher (90)
[2016.03.08-17.30.08:327][278]LogModuleManager: Shutting down and abandoning module AssetRegistry (89)
[2016.03.08-17.30.08:412][278]LogModuleManager: Shutting down and abandoning module ContentBrowser (88)
[2016.03.08-17.30.08:413][278]LogModuleManager: Shutting down and abandoning module Paper2DEditor (87)
[2016.03.08-17.30.08:413][278]LogModuleManager: Shutting down and abandoning module UdpMessaging (86)
[2016.03.08-17.30.08:513][278]LogModuleManager: Shutting down and abandoning module LightPropagationVolumeRuntime (85)
[2016.03.08-17.30.08:513][278]LogModuleManager: Shutting down and abandoning module Paper2D (84)
[2016.03.08-17.30.08:513][278]LogModuleManager: Shutting down and abandoning module WindowsMoviePlayer (83)
[2016.03.08-17.30.08:516][278]LogModuleManager: Shutting down and abandoning module Media (82)
[2016.03.08-17.30.08:516][278]LogModuleManager: Shutting down and abandoning module WmfMedia (81)
[2016.03.08-17.30.08:516][278]LogModuleManager: Shutting down and abandoning module OnlineBlueprintSupport (80)
[2016.03.08-17.30.08:516][278]LogModuleManager: Shutting down and abandoning module GameplayTasksEditor (79)
[2016.03.08-17.30.08:516][278]LogModuleManager: Shutting down and abandoning module PropertyEditor (78)
[2016.03.08-17.30.08:516][278]LogModuleManager: Shutting down and abandoning module BehaviorTreeEditor (77)
[2016.03.08-17.30.08:516][278]LogModuleManager: Shutting down and abandoning module FunctionalTesting (76)
[2016.03.08-17.30.08:516][278]LogModuleManager: Shutting down and abandoning module CollisionAnalyzer (75)
[2016.03.08-17.30.08:516][278]LogModuleManager: Shutting down and abandoning module WorkspaceMenuStructure (74)
[2016.03.08-17.30.08:516][278]LogModuleManager: Shutting down and abandoning module MessageLog (73)
[2016.03.08-17.30.08:516][278]LogModuleManager: Shutting down and abandoning module Sequencer (72)
[2016.03.08-17.30.08:516][278]LogModuleManager: Shutting down and abandoning module AssetTools (71)
[2016.03.08-17.30.08:516][278]LogModuleManager: Shutting down and abandoning module UMGEditor (70)
[2016.03.08-17.30.08:516][278]LogModuleManager: Shutting down and abandoning module UMG (69)
[2016.03.08-17.30.08:516][278]LogModuleManager: Shutting down and abandoning module Slate (68)
[2016.03.08-17.30.08:516][278]LogModuleManager: Shutting down and abandoning module EditorStyle (67)
[2016.03.08-17.30.08:518][278]LogModuleManager: Shutting down and abandoning module SessionServices (66)
[2016.03.08-17.30.08:518][278]LogModuleManager: Shutting down and abandoning module SourceCodeAccess (65)
[2016.03.08-17.30.08:518][278]LogModuleManager: Shutting down and abandoning module HeadMountedDisplay (64)
[2016.03.08-17.30.08:518][278]LogModuleManager: Shutting down and abandoning module XAudio2 (63)
[2016.03.08-17.30.08:518][278]LogModuleManager: Shutting down and abandoning module Networking (61)
[2016.03.08-17.30.08:518][278]LogModuleManager: Shutting down and abandoning module Core (60)
[2016.03.08-17.30.08:518][278]LogModuleManager: Shutting down and abandoning module KismetCompiler (59)
[2016.03.08-17.30.08:518][278]LogModuleManager: Shutting down and abandoning module PhysXFormats (58)
[2016.03.08-17.30.08:518][278]LogModuleManager: Shutting down and abandoning module MeshUtilities (57)
[2016.03.08-17.30.08:518][278]LogModuleManager: Shutting down and abandoning module DerivedDataCache (56)
[2016.03.08-17.30.08:552][278]LogDerivedDataCache: Shutdown
[2016.03.08-17.30.08:552][278]LogModuleManager: Shutting down and abandoning module ShaderFormatOpenGL (55)
[2016.03.08-17.30.08:552][278]LogModuleManager: Shutting down and abandoning module ShaderFormatD3D (54)
[2016.03.08-17.30.08:552][278]LogModuleManager: Shutting down and abandoning module MetalShaderFormat (53)
[2016.03.08-17.30.08:552][278]LogModuleManager: Shutting down and abandoning module TextureFormatUncompressed (52)
[2016.03.08-17.30.08:552][278]LogModuleManager: Shutting down and abandoning module TextureFormatPVR (51)
[2016.03.08-17.30.08:552][278]LogModuleManager: Shutting down and abandoning module TextureFormatIntelISPCTexComp (50)
[2016.03.08-17.30.08:552][278]LogModuleManager: Shutting down and abandoning module TextureFormatDXT (49)
[2016.03.08-17.30.08:552][278]LogModuleManager: Shutting down and abandoning module ImageWrapper (48)
[2016.03.08-17.30.08:552][278]LogModuleManager: Shutting down and abandoning module TextureFormatASTC (47)
[2016.03.08-17.30.08:552][278]LogModuleManager: Shutting down and abandoning module TextureFormatAndroid (46)
[2016.03.08-17.30.08:552][278]LogModuleManager: Shutting down and abandoning module AudioFormatOpus (45)
[2016.03.08-17.30.08:552][278]LogModuleManager: Shutting down and abandoning module AudioFormatOgg (44)
[2016.03.08-17.30.08:552][278]LogModuleManager: Shutting down and abandoning module AudioFormatADPCM (43)
[2016.03.08-17.30.08:552][278]LogModuleManager: Shutting down and abandoning module LinuxTargetPlatform (42)
[2016.03.08-17.30.08:552][278]LogModuleManager: Shutting down and abandoning module LinuxServerTargetPlatform (41)
[2016.03.08-17.30.08:552][278]LogModuleManager: Shutting down and abandoning module LinuxNoEditorTargetPlatform (40)
[2016.03.08-17.30.08:552][278]LogModuleManager: Shutting down and abandoning module Messaging (39)
[2016.03.08-17.30.08:552][278]LogModuleManager: Shutting down and abandoning module IOSTargetPlatform (38)
[2016.03.08-17.30.08:552][278]LogModuleManager: Shutting down and abandoning module HTML5TargetPlatform (37)
[2016.03.08-17.30.08:552][278]LogModuleManager: Shutting down and abandoning module Android_PVRTCTargetPlatform (36)
[2016.03.08-17.30.08:552][278]LogModuleManager: Shutting down and abandoning module Android_MultiTargetPlatform (35)
[2016.03.08-17.30.08:552][278]LogModuleManager: Shutting down and abandoning module Android_ETC2TargetPlatform (34)
[2016.03.08-17.30.08:552][278]LogModuleManager: Shutting down and abandoning module Android_ETC1TargetPlatform (33)
[2016.03.08-17.30.08:552][278]LogModuleManager: Shutting down and abandoning module Android_DXTTargetPlatform (32)
[2016.03.08-17.30.08:552][278]LogModuleManager: Shutting down and abandoning module Android_ATCTargetPlatform (31)
[2016.03.08-17.30.08:552][278]LogModuleManager: Shutting down and abandoning module Android_ASTCTargetPlatform (30)
[2016.03.08-17.30.08:552][278]LogModuleManager: Shutting down and abandoning module AndroidTargetPlatform (29)
[2016.03.08-17.30.08:552][278]LogModuleManager: Shutting down and abandoning module WindowsTargetPlatform (28)
[2016.03.08-17.30.08:552][278]LogModuleManager: Shutting down and abandoning module WindowsServerTargetPlatform (27)
[2016.03.08-17.30.08:552][278]LogModuleManager: Shutting down and abandoning module WindowsNoEditorTargetPlatform (26)
[2016.03.08-17.30.08:552][278]LogModuleManager: Shutting down and abandoning module WindowsClientTargetPlatform (25)
[2016.03.08-17.30.08:552][278]LogModuleManager: Shutting down and abandoning module AllDesktopTargetPlatform (24)
[2016.03.08-17.30.08:552][278]LogModuleManager: Shutting down and abandoning module TargetPlatform (23)
[2016.03.08-17.30.08:552][278]LogModuleManager: Shutting down and abandoning module InputCore (22)
[2016.03.08-17.30.08:552][278]LogModuleManager: Shutting down and abandoning module Settings (21)
[2016.03.08-17.30.08:552][278]LogModuleManager: Shutting down and abandoning module OnlineSubsystem (19)
[2016.03.08-17.30.08:552][278]LogModuleManager: Shutting down and abandoning module HTTP (18)
[2016.03.08-17.30.09:553][278]LogModuleManager: Shutting down and abandoning module XMPP (17)
[2016.03.08-17.30.09:553][278]LogModuleManager: Shutting down and abandoning module OculusRift (16)
[2016.03.08-17.30.09:553][278]LogModuleManager: Shutting down and abandoning module ExampleDeviceProfileSelector (15)
[2016.03.08-17.30.09:553][278]LogModuleManager: Shutting down and abandoning module TextureCompressor (14)
[2016.03.08-17.30.09:553][278]LogModuleManager: Shutting down and abandoning module ShaderCore (13)
[2016.03.08-17.30.09:553][278]LogModuleManager: Shutting down and abandoning module Landscape (12)
[2016.03.08-17.30.09:553][278]LogModuleManager: Shutting down and abandoning module SlateRHIRenderer (11)
[2016.03.08-17.30.09:555][278]LogModuleManager: Shutting down and abandoning module OpenGLDrv (10)
[2016.03.08-17.30.09:555][278]LogModuleManager: Shutting down and abandoning module D3D11RHI (9)
[2016.03.08-17.30.09:555][278]LogModuleManager: Shutting down and abandoning module AnimGraphRuntime (8)
[2016.03.08-17.30.09:555][278]LogModuleManager: Shutting down and abandoning module Renderer (7)
[2016.03.08-17.30.09:555][278]LogModuleManager: Shutting down and abandoning module Engine (6)
[2016.03.08-17.30.09:555][278]LogModuleManager: Shutting down and abandoning module CoreUObject (5)
[2016.03.08-17.30.09:555][278]LogModuleManager: Shutting down and abandoning module NetworkFile (4)
[2016.03.08-17.30.09:555][278]LogModuleManager: Shutting down and abandoning module StreamingFile (3)
[2016.03.08-17.30.09:555][278]LogModuleManager: Shutting down and abandoning module SandboxFile (2)
[2016.03.08-17.30.09:555][278]LogModuleManager: Shutting down and abandoning module PakFile (1)
[2016.03.08-17.30.09:556][278]LogExit: Exiting.
[2016.03.08-17.30.09:557][278]Log file closed, 03/08/16 12:30:09
